<?xml version="1.0" encoding="UTF-8"?>
<!-- Generated by org.testng.reporters.JUnitReportReporter -->
<testsuite hostname="DESKTOP-I3BCL79" failures="0" tests="1" name="Test1" time="23.159" errors="0" timestamp="2023-08-01T10:38:58 IST" skipped="0">
  <testcase classname="Test1" name="testSimple" time="23.159"/>
  <system-out/>
</testsuite> <!-- Test1 -->
